make all --print-data-base --no-builtin-variables --no-builtin-rules --question
make: *** No rule to make target 'all'.  Stop.

# GNU Make 4.2.1
# Built for x86_64-pc-linux-gnu
# Copyright (C) 1988-2016 Free Software Foundation, Inc.
# License GPLv3+: GNU GPL version 3 or later <http://gnu.org/licenses/gpl.html>
# This is free software: you are free to change and redistribute it.
# There is NO WARRANTY, to the extent permitted by law.

# Make data base, printed on Wed Aug  3 06:51:00 2022

# Variables

# 'override' directive
GNUMAKEFLAGS := 
# automatic
<D = $(patsubst %/,%,$(dir $<))
# makefile (from '/opt/devkitpro/devkitARM/base_tools', line 19)
PREFIX := arm-none-eabi-
# automatic
?F = $(notdir $?)
# makefile (from '/opt/devkitpro/devkitARM/base_tools', line 5)
UNAME_R := 5.15.0-43-generic
# environment
DESKTOP_SESSION = ubuntu
# default
.SHELLFLAGS := -c
# makefile (from '/opt/devkitpro/devkitARM/base_tools', line 44)
SILENTCMD := @
# environment
XDG_SESSION_CLASS = user
# environment
SNAP_COMMON = /var/snap/code/common
# environment
XDG_SESSION_TYPE = x11
# makefile (from 'Makefile', line 23)
TARGET := ds_drum
# automatic
?D = $(patsubst %/,%,$(dir $?))
# environment
IM_CONFIG_PHASE = 1
# makefile (from 'Makefile', line 26)
INCLUDES := include
# automatic
@D = $(patsubst %/,%,$(dir $@))
# environment
XAUTHORITY = /run/user/1000/gdm/Xauthority
# environment
GDMSESSION = ubuntu
# environment
XMODIFIERS = @im=ibus
# makefile
CURDIR := /home/thibault/Documents/TRAVAIL/sites/applisMusique/HOMEBREWS/ds/mazhoot/ds_drum
# makefile
SHELL = /bin/sh
# makefile (from '/opt/devkitpro/devkitARM/base_tools', line 27)
NM := arm-none-eabi-gcc-nm
# environment
SNAP_DATA = /var/snap/code/102
# makefile (from '/opt/devkitpro/devkitARM/ds_rules', line 20)
GAME_SUBTITLE2 := http://devkitpro.org
# environment
VSCODE_NLS_CONFIG = {"locale":"fr","availableLanguages":{},"_languagePackSupport":true}
# environment
JOURNAL_STREAM = 8:60049
# makefile (from 'Makefile', line 40)
CFLAGS := -g -Wall -O2 -march=armv5te -mtune=arm946e-s -fomit-frame-pointer -ffast-math -mthumb -mthumb-interwork  -DARM9
# environment
XDG_CONFIG_DIRS = /etc/xdg/xdg-ubuntu:/etc/xdg
# environment
SNAP_INSTANCE_NAME = code
# environment
SNAP_ARCH = amd64
# makefile (from '/opt/devkitpro/devkitARM/base_tools', line 1)
MAKEFILE_LIST :=  Makefile /opt/devkitpro/devkitARM/ds_rules /opt/devkitpro/devkitARM/base_rules /opt/devkitpro/devkitARM/base_tools
# automatic
@F = $(notdir $@)
# makefile (from 'Makefile', line 76)
CPPFILES := 
# makefile (from '/opt/devkitpro/devkitARM/base_tools', line 43)
SILENTMSG := @echo
# environment
GIO_LAUNCHED_DESKTOP_FILE = /var/lib/snapd/desktop/applications/code_code.desktop
# environment
USERNAME = thibault
# makefile (from 'Makefile', line 25)
SOURCES := source
# makefile (from 'Makefile', line 41)
CXXFLAGS := -g -Wall -O2 -march=armv5te -mtune=arm946e-s -fomit-frame-pointer -ffast-math -mthumb -mthumb-interwork  -DARM9 -fno-rtti -fno-exceptions
# environment
XDG_DATA_DIRS = /usr/share/ubuntu:/usr/local/share/:/usr/share/:/var/lib/snapd/desktop
# makefile (from 'Makefile', line 110)
LIBPATHS := -L/opt/devkitpro/libnds/lib
# environment
DBUS_SESSION_BUS_ADDRESS = unix:path=/run/user/1000/bus,guid=3bd397744b8b82931e126fc462e9fe95
# makefile (from '/opt/devkitpro/devkitARM/base_tools', line 23)
AS := arm-none-eabi-as
# makefile (from 'Makefile', line 75)
CFILES := MaxModExample.c
# environment
_ = /snap/code/102/usr/share/code/code
# environment
INFOPATH = /home/linuxbrew/.linuxbrew/share/info:
# environment
MANAGERPID = 2813
# makefile (from 'Makefile', line 27)
MUSIC := maxmod_data
# environment
LESSOPEN = | /usr/bin/lesspipe %s
# environment
VSCODE_CWD = /home/thibault
# environment
GSETTINGS_SCHEMA_DIR = /snap/code/102/usr/share/glib-2.0/schemas
# default
MAKE_HOST := x86_64-pc-linux-gnu
# makefile (from '/opt/devkitpro/devkitARM/base_tools', line 14)
PATH := /opt/devkitpro/tools/bin:/opt/devkitpro/devkitARM/bin:/home/thibault/.local/bin:/home/thibault/.symfony/bin:/opt/devkitpro/tools/bin:/home/linuxbrew/.linuxbrew/bin:/home/linuxbrew/.linuxbrew/sbin:/home/thibault/.local/bin:/opt/devkitpro/tools/bin:/usr/local/sbin:/usr/local/bin:/usr/sbin:/usr/bin:/sbin:/bin:/usr/games:/usr/local/games:/snap/bin
# makefile (from 'Makefile', line 89)
LD := arm-none-eabi-gcc
# makefile (from 'Makefile', line 104)
HFILES :=  soundbank_bin.h
# environment
GPG_AGENT_INFO = /run/user/1000/gnupg/S.gpg-agent:0:1
# environment
SESSION_MANAGER = local/comput2:@/tmp/.ICE-unix/3046,unix/comput2:/tmp/.ICE-unix/3046
# environment
XDG_RUNTIME_DIR = /run/user/1000
# environment
GDK_PIXBUF_MODULE_FILE = /home/thibault/snap/code/common/.cache/gdk-pixbuf-loaders.cache
# makefile (from 'Makefile', line 80)
AUDIOFILES := /home/thibault/Documents/TRAVAIL/sites/applisMusique/HOMEBREWS/ds/mazhoot/ds_drum/maxmod_data/R8.TomDry1.wav /home/thibault/Documents/TRAVAIL/sites/applisMusique/HOMEBREWS/ds/mazhoot/ds_drum/maxmod_data/R8.CongaMute.wav /home/thibault/Documents/TRAVAIL/sites/applisMusique/HOMEBREWS/ds/mazhoot/ds_drum/maxmod_data/PO15.WAV /home/thibault/Documents/TRAVAIL/sites/applisMusique/HOMEBREWS/ds/mazhoot/ds_drum/maxmod_data/R8.SDPicolo.wav /home/thibault/Documents/TRAVAIL/sites/applisMusique/HOMEBREWS/ds/mazhoot/ds_drum/maxmod_data/arsdfmgame.wav /home/thibault/Documents/TRAVAIL/sites/applisMusique/HOMEBREWS/ds/mazhoot/ds_drum/maxmod_data/kit22.wav /home/thibault/Documents/TRAVAIL/sites/applisMusique/HOMEBREWS/ds/mazhoot/ds_drum/maxmod_data/jap2.wav /home/thibault/Documents/TRAVAIL/sites/applisMusique/HOMEBREWS/ds/mazhoot/ds_drum/maxmod_data/lsdj2.wav /home/thibault/Documents/TRAVAIL/sites/applisMusique/HOMEBREWS/ds/mazhoot/ds_drum/maxmod_data/PO22.WAV /home/thibault/Documents/TRAVAIL/sites/applisMusique/HOMEBREWS/ds/mazhoot/ds_drum/maxmod_data/dr55hat.wav /home/thibault/Documents/TRAVAIL/sites/applisMusique/HOMEBREWS/ds/mazhoot/ds_drum/maxmod_data/fpops26.wav /home/thibault/Documents/TRAVAIL/sites/applisMusique/HOMEBREWS/ds/mazhoot/ds_drum/maxmod_data/kit25.wav /home/thibault/Documents/TRAVAIL/sites/applisMusique/HOMEBREWS/ds/mazhoot/ds_drum/maxmod_data/PO25.WAV /home/thibault/Documents/TRAVAIL/sites/applisMusique/HOMEBREWS/ds/mazhoot/ds_drum/maxmod_data/kit23.wav /home/thibault/Documents/TRAVAIL/sites/applisMusique/HOMEBREWS/ds/mazhoot/ds_drum/maxmod_data/TR727.PadDrum.wav /home/thibault/Documents/TRAVAIL/sites/applisMusique/HOMEBREWS/ds/mazhoot/ds_drum/maxmod_data/jap4.wav /home/thibault/Documents/TRAVAIL/sites/applisMusique/HOMEBREWS/ds/mazhoot/ds_drum/maxmod_data/Live.HH1C.wav /home/thibault/Documents/TRAVAIL/sites/applisMusique/HOMEBREWS/ds/mazhoot/ds_drum/maxmod_data/ObermeimDMX.Toms1.wav /home/thibault/Documents/TRAVAIL/sites/applisMusique/HOMEBREWS/ds/mazhoot/ds_drum/maxmod_data/TR808.Claves.wav /home/thibault/Documents/TRAVAIL/sites/applisMusique/HOMEBREWS/ds/mazhoot/ds_drum/maxmod_data/jap1.wav /home/thibault/Documents/TRAVAIL/sites/applisMusique/HOMEBREWS/ds/mazhoot/ds_drum/maxmod_data/ObermeimDMX.Toms2.wav /home/thibault/Documents/TRAVAIL/sites/applisMusique/HOMEBREWS/ds/mazhoot/ds_drum/maxmod_data/clap2.wav /home/thibault/Documents/TRAVAIL/sites/applisMusique/HOMEBREWS/ds/mazhoot/ds_drum/maxmod_data/pops-sd-5.wav /home/thibault/Documents/TRAVAIL/sites/applisMusique/HOMEBREWS/ds/mazhoot/ds_drum/maxmod_data/gbsync.wav /home/thibault/Documents/TRAVAIL/sites/applisMusique/HOMEBREWS/ds/mazhoot/ds_drum/maxmod_data/lsdj7.wav /home/thibault/Documents/TRAVAIL/sites/applisMusique/HOMEBREWS/ds/mazhoot/ds_drum/maxmod_data/ind1.wav /home/thibault/Documents/TRAVAIL/sites/applisMusique/HOMEBREWS/ds/mazhoot/ds_drum/maxmod_data/PO20.WAV /home/thibault/Documents/TRAVAIL/sites/applisMusique/HOMEBREWS/ds/mazhoot/ds_drum/maxmod_data/ClassicSnare2.wav /home/thibault/Documents/TRAVAIL/sites/applisMusique/HOMEBREWS/ds/mazhoot/ds_drum/maxmod_data/TR727.CongaL.wav /home/thibault/Documents/TRAVAIL/sites/applisMusique/HOMEBREWS/ds/mazhoot/ds_drum/maxmod_data/TR727.AgogoL.wav /home/thibault/Documents/TRAVAIL/sites/applisMusique/HOMEBREWS/ds/mazhoot/ds_drum/maxmod_data/pops-sd-9.wav /home/thibault/Documents/TRAVAIL/sites/applisMusique/HOMEBREWS/ds/mazhoot/ds_drum/maxmod_data/TR727.MetalL.wav /home/thibault/Documents/TRAVAIL/sites/applisMusique/HOMEBREWS/ds/mazhoot/ds_drum/maxmod_data/R8.CongaLow.wav /home/thibault/Documents/TRAVAIL/sites/applisMusique/HOMEBREWS/ds/mazhoot/ds_drum/maxmod_data/TrianglC.wav /home/thibault/Documents/TRAVAIL/sites/applisMusique/HOMEBREWS/ds/mazhoot/ds_drum/maxmod_data/kit24.wav /home/thibault/Documents/TRAVAIL/sites/applisMusique/HOMEBREWS/ds/mazhoot/ds_drum/maxmod_data/R8.CongaSlap.wav /home/thibault/Documents/TRAVAIL/sites/applisMusique/HOMEBREWS/ds/mazhoot/ds_drum/maxmod_data/PO16.WAV /home/thibault/Documents/TRAVAIL/sites/applisMusique/HOMEBREWS/ds/mazhoot/ds_drum/maxmod_data/pops-rim1.wav /home/thibault/Documents/TRAVAIL/sites/applisMusique/HOMEBREWS/ds/mazhoot/ds_drum/maxmod_data/PO24.WAV /home/thibault/Documents/TRAVAIL/sites/applisMusique/HOMEBREWS/ds/mazhoot/ds_drum/maxmod_data/kit27.wav /home/thibault/Documents/TRAVAIL/sites/applisMusique/HOMEBREWS/ds/mazhoot/ds_drum/maxmod_data/R8.AgogoOct.wav /home/thibault/Documents/TRAVAIL/sites/applisMusique/HOMEBREWS/ds/mazhoot/ds_drum/maxmod_data/pops-clave1.wav /home/thibault/Documents/TRAVAIL/sites/applisMusique/HOMEBREWS/ds/mazhoot/ds_drum/maxmod_data/ObermeimDMX.Toms4.wav /home/thibault/Documents/TRAVAIL/sites/applisMusique/HOMEBREWS/ds/mazhoot/ds_drum/maxmod_data/TR808.SD3.wav /home/thibault/Documents/TRAVAIL/sites/applisMusique/HOMEBREWS/ds/mazhoot/ds_drum/maxmod_data/arbdclyap.wav /home/thibault/Documents/TRAVAIL/sites/applisMusique/HOMEBREWS/ds/mazhoot/ds_drum/maxmod_data/Live.dryBD.wav /home/thibault/Documents/TRAVAIL/sites/applisMusique/HOMEBREWS/ds/mazhoot/ds_drum/maxmod_data/TR727.MetalH.wav /home/thibault/Documents/TRAVAIL/sites/applisMusique/HOMEBREWS/ds/mazhoot/ds_drum/maxmod_data/dr55rim.wav /home/thibault/Documents/TRAVAIL/sites/applisMusique/HOMEBREWS/ds/mazhoot/ds_drum/maxmod_data/sync.wav /home/thibault/Documents/TRAVAIL/sites/applisMusique/HOMEBREWS/ds/mazhoot/ds_drum/maxmod_data/R8.Agogo.wav /home/thibault/Documents/TRAVAIL/sites/applisMusique/HOMEBREWS/ds/mazhoot/ds_drum/maxmod_data/kit28.wav /home/thibault/Documents/TRAVAIL/sites/applisMusique/HOMEBREWS/ds/mazhoot/ds_drum/maxmod_data/PO23.WAV /home/thibault/Documents/TRAVAIL/sites/applisMusique/HOMEBREWS/ds/mazhoot/ds_drum/maxmod_data/TR727.CongaH.wav /home/thibault/Documents/TRAVAIL/sites/applisMusique/HOMEBREWS/ds/mazhoot/ds_drum/maxmod_data/Coucou.wav /home/thibault/Documents/TRAVAIL/sites/applisMusique/HOMEBREWS/ds/mazhoot/ds_drum/maxmod_data/jap6.wav /home/thibault/Documents/TRAVAIL/sites/applisMusique/HOMEBREWS/ds/mazhoot/ds_drum/maxmod_data/PO21.WAV /home/thibault/Documents/TRAVAIL/sites/applisMusique/HOMEBREWS/ds/mazhoot/ds_drum/maxmod_data/lsdj1.wav /home/thibault/Documents/TRAVAIL/sites/applisMusique/HOMEBREWS/ds/mazhoot/ds_drum/maxmod_data/TR727.AgogoH.wav /home/thibault/Documents/TRAVAIL/sites/applisMusique/HOMEBREWS/ds/mazhoot/ds_drum/maxmod_data/ObermeimDMX.HHC.wav /home/thibault/Documents/TRAVAIL/sites/applisMusique/HOMEBREWS/ds/mazhoot/ds_drum/maxmod_data/PO17.WAV /home/thibault/Documents/TRAVAIL/sites/applisMusique/HOMEBREWS/ds/mazhoot/ds_drum/maxmod_data/kit26.wav /home/thibault/Documents/TRAVAIL/sites/applisMusique/HOMEBREWS/ds/mazhoot/ds_drum/maxmod_data/pops-sd14.wav /home/thibault/Documents/TRAVAIL/sites/applisMusique/HOMEBREWS/ds/mazhoot/ds_drum/maxmod_data/ObermeimDMX.Claps.wav /home/thibault/Documents/TRAVAIL/sites/applisMusique/HOMEBREWS/ds/mazhoot/ds_drum/maxmod_data/PO26.WAV /home/thibault/Documents/TRAVAIL/sites/applisMusique/HOMEBREWS/ds/mazhoot/ds_drum/maxmod_data/ObermeimDMX.SD3.wav /home/thibault/Documents/TRAVAIL/sites/applisMusique/HOMEBREWS/ds/mazhoot/ds_drum/maxmod_data/Linn9000.CongaH.wav /home/thibault/Documents/TRAVAIL/sites/applisMusique/HOMEBREWS/ds/mazhoot/ds_drum/maxmod_data/Linn9000.CongaL.wav /home/thibault/Documents/TRAVAIL/sites/applisMusique/HOMEBREWS/ds/mazhoot/ds_drum/maxmod_data/PunchSD.wav /home/thibault/Documents/TRAVAIL/sites/applisMusique/HOMEBREWS/ds/mazhoot/ds_drum/maxmod_data/ClassicKick.wav /home/thibault/Documents/TRAVAIL/sites/applisMusique/HOMEBREWS/ds/mazhoot/ds_drum/maxmod_data/PO12.WAV /home/thibault/Documents/TRAVAIL/sites/applisMusique/HOMEBREWS/ds/mazhoot/ds_drum/maxmod_data/PO14.WAV /home/thibault/Documents/TRAVAIL/sites/applisMusique/HOMEBREWS/ds/mazhoot/ds_drum/maxmod_data/R8.RimShot2.wav /home/thibault/Documents/TRAVAIL/sites/applisMusique/HOMEBREWS/ds/mazhoot/ds_drum/maxmod_data/dr55snare2.wav /home/thibault/Documents/TRAVAIL/sites/applisMusique/HOMEBREWS/ds/mazhoot/ds_drum/maxmod_data/R8.Clave.wav /home/thibault/Documents/TRAVAIL/sites/applisMusique/HOMEBREWS/ds/mazhoot/ds_drum/maxmod_data/syncwolf.wav /home/thibault/Documents/TRAVAIL/sites/applisMusique/HOMEBREWS/ds/mazhoot/ds_drum/maxmod_data/PO13.WAV /home/thibault/Documents/TRAVAIL/sites/applisMusique/HOMEBREWS/ds/mazhoot/ds_drum/maxmod_data/ObermeimDMX.Shaker3.wav /home/thibault/Documents/TRAVAIL/sites/applisMusique/HOMEBREWS/ds/mazhoot/ds_drum/maxmod_data/kit21.wav /home/thibault/Documents/TRAVAIL/sites/applisMusique/HOMEBREWS/ds/mazhoot/ds_drum/maxmod_data/aa.wav /home/thibault/Documents/TRAVAIL/sites/applisMusique/HOMEBREWS/ds/mazhoot/ds_drum/maxmod_data/ChipShopPOBassSol.wav /home/thibault/Documents/TRAVAIL/sites/applisMusique/HOMEBREWS/ds/mazhoot/ds_drum/maxmod_data/PO18.WAV /home/thibault/Documents/TRAVAIL/sites/applisMusique/HOMEBREWS/ds/mazhoot/ds_drum/maxmod_data/pops-sd-3.wav /home/thibault/Documents/TRAVAIL/sites/applisMusique/HOMEBREWS/ds/mazhoot/ds_drum/maxmod_data/README.md /home/thibault/Documents/TRAVAIL/sites/applisMusique/HOMEBREWS/ds/mazhoot/ds_drum/maxmod_data/dr55snare.wav /home/thibault/Documents/TRAVAIL/sites/applisMusique/HOMEBREWS/ds/mazhoot/ds_drum/maxmod_data/jap3.wav /home/thibault/Documents/TRAVAIL/sites/applisMusique/HOMEBREWS/ds/mazhoot/ds_drum/maxmod_data/arsdfmwoody.wav /home/thibault/Documents/TRAVAIL/sites/applisMusique/HOMEBREWS/ds/mazhoot/ds_drum/maxmod_data/lsdj3.wav
# environment
SNAP = /snap/code/102
# makefile (from 'Makefile', line 98)
OFILES_BIN := soundbank.bin.o
# default
.INCLUDE_DIRS = /usr/include /usr/local/include /usr/include
# makefile (from 'Makefile', line 56)
LIBDIRS := /opt/devkitpro/libnds
# makefile (from 'Makefile', line 69)
VPATH := /home/thibault/Documents/TRAVAIL/sites/applisMusique/HOMEBREWS/ds/mazhoot/ds_drum/source  
# environment
SNAP_VERSION = 3b889b09
# makefile (from '/opt/devkitpro/devkitARM/base_tools', line 24)
AR := arm-none-eabi-gcc-ar
# environment
XDG_MENU_PREFIX = gnome-
# environment
DISABLE_WAYLAND = 1
# environment
ELECTRON_RUN_AS_NODE = 1
# environment
INVOCATION_ID = c634caa7993c4ab58185ea8875ede8ee
# makefile (from 'Makefile', line 44)
LDFLAGS = -specs=ds_arm9.specs -g $(ARCH) -Wl,-Map,$(notdir $*.map)
# environment
GDK_PIXBUF_MODULEDIR = /snap/code/102/usr/lib/x86_64-linux-gnu/gdk-pixbuf-2.0/2.10.0/loaders
# default
.FEATURES := target-specific order-only second-expansion else-if shortest-stem undefine oneshell archives jobserver output-sync check-symlink load
# environment
LS_COLORS = 
# environment
XDG_SESSION_DESKTOP = ubuntu
# environment
SSH_AUTH_SOCK = /run/user/1000/keyring/ssh
# environment
GIO_LAUNCHED_DESKTOP_FILE_PID = 5728
# automatic
%F = $(notdir $%)
# makefile (from '/opt/devkitpro/devkitARM/base_tools', line 4)
UNAME_S := Linux
# environment
DISPLAY = :0
# makefile (from '/opt/devkitpro/devkitARM/base_tools', line 13)
DEVKITPATH = $(shell echo "$(DEVKITPRO)" | sed -e 's/^\([a-zA-Z]\):/\/\1/')
# makefile (from '/opt/devkitpro/devkitARM/ds_rules', line 7)
PORTLIBS := /opt/devkitpro/portlibs/nds /opt/devkitpro/portlibs/armv5te
# environment
SNAP_INSTANCE_KEY = 
# environment
PWD = /home/thibault/Documents/TRAVAIL/sites/applisMusique/HOMEBREWS/ds/mazhoot/ds_drum
# default
.LOADED := 
# environment
SSH_AGENT_PID = 3007
# environment
ORIGINAL_XDG_CURRENT_DESKTOP = ubuntu:GNOME
# environment
GTK_MODULES = gail:atk-bridge
# environment
MANPATH = /home/linuxbrew/.linuxbrew/share/man:
# environment
VSCODE_AMD_ENTRYPOINT = vs/workbench/api/node/extensionHostProcess
# environment
HOME = /home/thibault
# makefile (from 'Makefile', line 73)
DEPSDIR := /home/thibault/Documents/TRAVAIL/sites/applisMusique/HOMEBREWS/ds/mazhoot/ds_drum/build
# environment
HOMEBREW_CELLAR = /home/linuxbrew/.linuxbrew/Cellar
# environment
VSCODE_CLI = 1
# makefile (from '/opt/devkitpro/devkitARM/base_tools', line 30)
ISVC = $(or $(VCBUILDHELPER_COMMAND),$(MSBUILDEXTENSIONSPATH32),$(MSBUILDEXTENSIONSPATH))
# environment
VSCODE_CODE_CACHE_PATH = /home/thibault/.config/Code/CachedData/3b889b090b5ad5793f524b5d1d39fda662b96a2a
# environment
LOGNAME = thibault
# environment
APPLICATION_INSIGHTS_NO_DIAGNOSTIC_CHANNEL = true
# makefile (from '/opt/devkitpro/devkitARM/ds_rules', line 9)
LIBNDS := /opt/devkitpro/libnds
# environment
SNAP_LIBRARY_PATH = /var/lib/snapd/lib/gl:/var/lib/snapd/lib/gl32:/var/lib/snapd/void
# environment
SNAP_CONTEXT = -AS19Tt7U6Pkoh7uNRe4EgbA7emKqt269O_gGc9x4bpy7TSJDR1e
# makefile (from '/opt/devkitpro/devkitARM/base_tools', line 28)
RANLIB := arm-none-eabi-gcc-ranlib
# environment
ELECTRON_NO_ATTACH_CONSOLE = 1
# environment
LESSCLOSE = /usr/bin/lesspipe %s %s
# environment
SNAP_USER_COMMON = /home/thibault/snap/code/common
# environment
VSCODE_HANDLES_UNCAUGHT_ERRORS = true
# environment
GNOME_DESKTOP_SESSION_ID = this-is-deprecated
# automatic
^D = $(patsubst %/,%,$(dir $^))
# makefile (from '/opt/devkitpro/devkitARM/base_tools', line 50)
bin2o = 	bin2s -a 4 -H `(echo $(<F) | tr . _)`.h $< | $(AS) -o $(<F).o
# environment
DEVKITPRO = /opt/devkitpro
# environment
MAKELEVEL := 0
# environment
SNAP_REAL_HOME = /home/thibault
# default
MAKE = $(MAKE_COMMAND)
# default
MAKECMDGOALS := all
# environment
QT_IM_MODULE = ibus
# environment
DEVKITARM = /opt/devkitpro/devkitARM
# environment
SNAP_USER_DATA = /home/thibault/snap/code/102
# environment
SHLVL = 0
# makefile (from '/opt/devkitpro/devkitARM/base_tools', line 21)
CC := arm-none-eabi-gcc
# environment
GNOME_SHELL_SESSION_MODE = ubuntu
# makefile (from 'Makefile', line 43)
ASFLAGS := -g -mthumb -mthumb-interwork
# default
MAKE_VERSION := 4.2.1
# environment
USER = thibault
# environment
SNAP_REVISION = 102
# makefile (from '/opt/devkitpro/devkitARM/ds_rules', line 12)
GAME_TITLE := 
# makefile
.DEFAULT_GOAL := build
# makefile (from 'Makefile', line 106)
INCLUDE := -iquote /home/thibault/Documents/TRAVAIL/sites/applisMusique/HOMEBREWS/ds/mazhoot/ds_drum/include -I/opt/devkitpro/libnds/include -I/home/thibault/Documents/TRAVAIL/sites/applisMusique/HOMEBREWS/ds/mazhoot/ds_drum/build
# environment
XDG_CURRENT_DESKTOP = Unity
# environment
LIBVIRT_DEFAULT_URI = qemu:///system
# makefile (from 'Makefile', line 77)
SFILES := 
# automatic
%D = $(patsubst %/,%,$(dir $%))
# default
MAKE_COMMAND := make
# default
.VARIABLES := 
# makefile (from '/opt/devkitpro/devkitARM/ds_rules', line 24)
GAME_ICON := /opt/devkitpro/libnds/icon.bmp
 
# automatic
*F = $(notdir $*)
# environment
VSCODE_IPC_HOOK = /run/user/1000/vscode-b29da0f6-1.69.2-main.sock
# environment
BAMF_DESKTOP_FILE_HINT = /var/lib/snapd/desktop/applications/code_code.desktop
# makefile (from 'Makefile', line 33)
ARCH := -mthumb -mthumb-interwork
# makefile
MAKEFLAGS = pqrR
# environment
MFLAGS = -pqrR
# automatic
*D = $(patsubst %/,%,$(dir $*))
# makefile (from '/opt/devkitpro/devkitARM/base_rules', line 6)
PORTLIBS_PATH := /opt/devkitpro/portlibs
# environment
HOMEBREW_SHELLENV_PREFIX = /home/linuxbrew/.linuxbrew
# environment
HOMEBREW_PREFIX = /home/linuxbrew/.linuxbrew
# automatic
+D = $(patsubst %/,%,$(dir $+))
# environment
GDK_BACKEND = x11
# makefile (from 'Makefile', line 100)
OFILES_SOURCES :=  MaxModExample.o 
# automatic
+F = $(notdir $+)
# makefile (from '/opt/devkitpro/devkitARM/base_tools', line 26)
STRIP := arm-none-eabi-strip
# environment
HOMEBREW_REPOSITORY = /home/linuxbrew/.linuxbrew/Homebrew
# environment
QT_ACCESSIBILITY = 1
# makefile (from 'Makefile', line 67)
OUTPUT := /home/thibault/Documents/TRAVAIL/sites/applisMusique/HOMEBREWS/ds/mazhoot/ds_drum/ds_drum
# 'override' directive
.SHELLSTATUS := 0
# default
MAKEFILES := 
# environment
SNAP_COOKIE = -AS19Tt7U6Pkoh7uNRe4EgbA7emKqt269O_gGc9x4bpy7TSJDR1e
# makefile (from 'Makefile', line 24)
BUILD := build
# automatic
<F = $(notdir $<)
# makefile (from '/opt/devkitpro/devkitARM/base_tools', line 22)
CXX := arm-none-eabi-g++
# environment
SNAP_NAME = code
# environment
LC_ALL = C
# environment
DBUS_STARTER_BUS_TYPE = session
# makefile (from 'Makefile', line 78)
BINFILES :=  soundbank.bin
# makefile (from 'Makefile', line 49)
LIBS := -lmm9 -lnds9
# automatic
^F = $(notdir $^)
# makefile (from '/opt/devkitpro/devkitARM/base_tools', line 25)
OBJCOPY := arm-none-eabi-objcopy
# default
SUFFIXES := 
# environment
SNAP_REEXEC = 
# environment
CHROME_DESKTOP = code-url-handler.desktop
# environment
WINDOWPATH = 2
# environment
DEVKITPPC = /opt/devkitpro/devkitPPC
# makefile (from 'Makefile', line 102)
OFILES :=  soundbank.bin.o  MaxModExample.o 
# makefile (from '/opt/devkitpro/devkitARM/ds_rules', line 16)
GAME_SUBTITLE1 := built with devkitARM
# default
.RECIPEPREFIX := 
# environment
LANG = C
# environment
VSCODE_PID = 5784
# environment
DBUS_STARTER_ADDRESS = unix:path=/run/user/1000/bus,guid=3bd397744b8b82931e126fc462e9fe95
# variable set hash-table stats:
# Load=176/1024=17%, Rehash=0, Collisions=52/474=11%

# Pattern-specific Variable Values

# No pattern-specific variable values.

# Directories

# source (device 66311, inode 35786093): 3 files, no impossibilities.
# . (device 66311, inode 16663764): 13 files, no impossibilities.
# maxmod_data (device 66311, inode 35786008): 89 files, no impossibilities.
# /home/thibault/Documents/TRAVAIL/sites/applisMusique/HOMEBREWS/ds/mazhoot/ds_drum/source (device 66311, inode 35786093): 3 files, no impossibilities.

# 108 files, no impossibilities in 4 directories.

# Implicit Rules

%.a:
#  recipe to execute (from '/opt/devkitpro/devkitARM/base_rules', line 12):
	$(SILENTMSG) $(notdir $@)
	@rm -f $@
	$(SILENTCMD)$(AR) -rc $@ $^

%.arm.o: %.arm.cpp
#  recipe to execute (from '/opt/devkitpro/devkitARM/base_rules', line 18):
	$(SILENTMSG) $(notdir $<)
	$(SILENTCMD)$(CXX) -MMD -MP -MF $(DEPSDIR)/$*.arm.d $(CXXFLAGS) -marm -c $< -o $@ $(ERROR_FILTER)

%.arm.o: %.arm.c
#  recipe to execute (from '/opt/devkitpro/devkitARM/base_rules', line 23):
	$(SILENTMSG) $(notdir $<)
	$(SILENTCMD)$(CC) -MMD -MP -MF $(DEPSDIR)/$*.arm.d $(CFLAGS) -marm -c $< -o $@ $(ERROR_FILTER)

%.arm.o: %.arm.m
#  recipe to execute (from '/opt/devkitpro/devkitARM/base_rules', line 28):
	$(SILENTMSG) $(notdir $<)
	$(SILENTCMD)$(CC) -MMD -MP -MF $(DEPSDIR)/$*.arm.d $(OBJCFLAGS) -marm -c $< -o $@ $(ERROR_FILTER)

%.thumb.o: %.thumb.cpp
#  recipe to execute (from '/opt/devkitpro/devkitARM/base_rules', line 33):
	$(SILENTMSG) $(notdir $<)
	$(SILENTCMD)$(CXX) -MMD -MP -MF $(DEPSDIR)/$*.thumb.d $(CXXFLAGS) -mthumb -c $< -o $@ $(ERROR_FILTER)

%.thumb.o: %.thumb.c
#  recipe to execute (from '/opt/devkitpro/devkitARM/base_rules', line 38):
	$(SILENTMSG) $(notdir $<)
	$(SILENTCMD)$(CC) -MMD -MP -MF $(DEPSDIR)/$*.thumb.d $(CFLAGS) -mthumb -c $< -o $@ $(ERROR_FILTER)

%.thumb.o: %.thumb.m
#  recipe to execute (from '/opt/devkitpro/devkitARM/base_rules', line 43):
	$(SILENTMSG) $(notdir $<)
	$(SILENTCMD)$(CC) -MMD -MP -MF $(DEPSDIR)/$*.thumb.d $(OBJCFLAGS) -mthumb -c $< -o $@ $(ERROR_FILTER)

%.iwram.o: %.iwram.cpp
#  recipe to execute (from '/opt/devkitpro/devkitARM/base_rules', line 48):
	$(SILENTMSG) $(notdir $<)
	$(SILENTCMD)$(CXX) -MMD -MP -MF $(DEPSDIR)/$*.iwram.d $(CXXFLAGS) -marm -mlong-calls -c $< -o $@ $(ERROR_FILTER)

%.iwram.o: %.iwram.c
#  recipe to execute (from '/opt/devkitpro/devkitARM/base_rules', line 53):
	$(SILENTMSG) $(notdir $<)
	$(SILENTCMD)$(CC) -MMD -MP -MF $(DEPSDIR)/$*.iwram.d $(CFLAGS) -marm -mlong-calls -c $< -o $@ $(ERROR_FILTER)

%.iwram.o: %.iwram.m
#  recipe to execute (from '/opt/devkitpro/devkitARM/base_rules', line 58):
	$(SILENTMSG) $(notdir $<)
	$(SILENTCMD)$(CC) -MMD -MP -MF $(DEPSDIR)/$*.iwram.d $(OBJCFLAGS) -marm -mlong-calls -c $< -o $@ $(ERROR_FILTER)

%.itcm.o: %.itcm.cpp
#  recipe to execute (from '/opt/devkitpro/devkitARM/base_rules', line 63):
	$(SILENTMSG) $(notdir $<)
	$(SILENTCMD)$(CXX) -MMD -MP -MF $(DEPSDIR)/$*.itcm.d $(CXXFLAGS) -marm -mlong-calls -c $< -o $@ $(ERROR_FILTER)

%.itcm.o: %.itcm.c
#  recipe to execute (from '/opt/devkitpro/devkitARM/base_rules', line 68):
	$(SILENTMSG) $(notdir $<)
	$(SILENTCMD)$(CC) -MMD -MP -MF $(DEPSDIR)/$*.itcm.d $(CFLAGS) -marm -mlong-calls -c $< -o $@ $(ERROR_FILTER)

%.itcm.o: %.itcm.m
#  recipe to execute (from '/opt/devkitpro/devkitARM/base_rules', line 73):
	$(SILENTMSG) $(notdir $<)
	$(SILENTCMD)$(CC) -MMD -MP -MF $(DEPSDIR)/$*.itcm.d $(OBJCFLAGS) -marm -mlong-calls -c $< -o $@ $(ERROR_FILTER)

%.o: %.cpp
#  recipe to execute (from '/opt/devkitpro/devkitARM/base_rules', line 79):
	$(SILENTMSG) $(notdir $<)
	$(SILENTCMD)$(CXX) -MMD -MP -MF $(DEPSDIR)/$*.d $(CXXFLAGS) -c $< -o $@ $(ERROR_FILTER)

%.o: %.c
#  recipe to execute (from '/opt/devkitpro/devkitARM/base_rules', line 84):
	$(SILENTMSG) $(notdir $<)
	$(SILENTCMD)$(CC) -MMD -MP -MF $(DEPSDIR)/$*.d $(CFLAGS) -c $< -o $@ $(ERROR_FILTER)

%.o: %.m
#  recipe to execute (from '/opt/devkitpro/devkitARM/base_rules', line 89):
	$(SILENTMSG) $(notdir $<)
	$(SILENTCMD)$(CC) -MMD -MP -MF $(DEPSDIR)/$*.d $(OBJCFLAGS) -c $< -o $@ $(ERROR_FILTER)

%.o: %.s
#  recipe to execute (from '/opt/devkitpro/devkitARM/base_rules', line 94):
	$(SILENTMSG) $(notdir $<)
	$(SILENTCMD)$(CC) -MMD -MP -MF $(DEPSDIR)/$*.d -x assembler-with-cpp $(ASFLAGS) -c $< -o $@ $(ERROR_FILTER)

%.o: %.S
#  recipe to execute (from '/opt/devkitpro/devkitARM/base_rules', line 99):
	$(SILENTMSG) $(notdir $<)
	$(SILENTCMD)$(CC) -MMD -MP -MF $(DEPSDIR)/$*.d -x assembler-with-cpp $(ASFLAGS) -c $< -o $@ $(ERROR_FILTER)

%.nds: %.arm9
#  recipe to execute (from '/opt/devkitpro/devkitARM/ds_rules', line 33):
	$(SILENTCMD)ndstool -c $@ -9 $< -b $(GAME_ICON) "$(GAME_TITLE);$(GAME_SUBTITLE1);$(GAME_SUBTITLE2)" $(_ADDFILES)
	@echo built ... $(notdir $@)

%.nds: %.elf
#  recipe to execute (from '/opt/devkitpro/devkitARM/ds_rules', line 38):
	$(SILENTCMD)ndstool -c $@ -9 $< -b $(GAME_ICON) "$(GAME_TITLE);$(GAME_SUBTITLE1);$(GAME_SUBTITLE2)" $(_ADDFILES)
	$(SILENTMSG) built ... $(notdir $@)

%.arm9: %.elf
#  recipe to execute (from '/opt/devkitpro/devkitARM/ds_rules', line 43):
	$(SILENTCMD)$(OBJCOPY) -O binary $< $@
	$(SILENTMSG) built ... $(notdir $@)

%.arm7: %.elf
#  recipe to execute (from '/opt/devkitpro/devkitARM/ds_rules', line 48):
	$(SILENTCMD)$(OBJCOPY) -O binary $< $@
	$(SILENTMSG) built ... $(notdir $@)

%.elf:
#  recipe to execute (from '/opt/devkitpro/devkitARM/ds_rules', line 53):
	$(SILENTMSG) linking $(notdir $@)
	$(SILENTCMD)$(LD)  $(LDFLAGS) $(OFILES) $(LIBPATHS) $(LIBS) -o $@

# 23 implicit rules, 0 (0.0%) terminal.

# Files

# Not a target:
all:
#  Command line target.
#  Implicit rule search has been done.
#  File does not exist.
#  File has not been updated.

.PHONY: build clean
#  Implicit rule search has not been done.
#  Modification time never checked.
#  File has not been updated.

# Not a target:
/opt/devkitpro/devkitARM/ds_rules:
#  Implicit rule search has been done.
#  Last modified 2020-07-28 04:27:14
#  File has been updated.
#  Successfully updated.

.SUFFIXES:
#  Implicit rule search has not been done.
#  Modification time never checked.
#  File has not been updated.

# Not a target:
Makefile:
#  Implicit rule search has been done.
#  Last modified 2022-07-11 19:45:56.425320816
#  File has been updated.
#  Successfully updated.

build:
#  Phony target (prerequisite of .PHONY).
#  Implicit rule search has not been done.
#  File does not exist.
#  File has not been updated.
#  recipe to execute (from 'Makefile', line 116):
	@[ -d $@ ] || mkdir -p $@
	@$(MAKE) BUILDDIR=`cd $(BUILD) && pwd` --no-print-directory -C $(BUILD) -f $(CURDIR)/Makefile

# Not a target:
/opt/devkitpro/devkitARM/base_rules:
#  Implicit rule search has been done.
#  Last modified 2020-07-28 04:27:14
#  File has been updated.
#  Successfully updated.

# Not a target:
.DEFAULT:
#  Implicit rule search has not been done.
#  Modification time never checked.
#  File has not been updated.

clean:
#  Phony target (prerequisite of .PHONY).
#  Implicit rule search has not been done.
#  File does not exist.
#  File has not been updated.
#  recipe to execute (from 'Makefile', line 121):
	@echo clean ...
	@rm -fr $(BUILD) $(TARGET).elf $(TARGET).nds 

# Not a target:
/opt/devkitpro/devkitARM/base_tools:
#  Implicit rule search has been done.
 
#  Last modified 2020-07-28 04:27:14
#  File has been updated.
#  Successfully updated.

# files hash-table stats:
# Load=10/1024=1%, Rehash=0, Collisions=0/30=0%
# VPATH Search Paths

# No 'vpath' search paths.

# General ('VPATH' variable) search path:
# /home/thibault/Documents/TRAVAIL/sites/applisMusique/HOMEBREWS/ds/mazhoot/ds_drum/source

# strcache buffers: 1 (0) / strings = 139 / storage = 1747 B / avg = 12 B
# current buf: size = 8162 B / used = 1747 B / count = 139 / avg = 12 B

# strcache performance: lookups = 179 / hit rate = 22%
# hash-table stats:
# Load=139/8192=2%, Rehash=0, Collisions=4/179=2%
# Finished Make data base on Wed Aug  3 06:51:00 2022

 
